Microsoft (R) Macro Assembler Version 5.00                  6/25/21 00:21:08
                                                             Page     1-1


       1				 
       2				 
       3 0000				data segment 
       4 0000  0A 0D 45 6E 74 65 72	        msg1 db 0ah,0dh, "Enter first n
					umber : $" 
       5       20 66 69 72 73 74 20	
       6       6E 75 6D 62 65 72 20	
       7       3A 20 24			
       8 0018  0A 0D 45 6E 74 65 72	        msg2 db 0ah,0dh, "Enter second 
					number : $" 
       9       20 73 65 63 6F 6E 64	
      10       20 6E 75 6D 62 65 72	
      11       20 3A 20 24		
      12 0031  0A 0D 52 65 73 75 6C	        msg3 db 0ah,0dh, "Result is : $
					" 
      13       74 20 69 73 20 3A 20	
      14       24			
      15 0040  0007[			        n1 db 07h dup(?) 
      16	    ??			
      17			 ]	
      18				
      19 0047  0007[			        n2 db 07h dup(?) 
      20	    ??			
      21			 ]	
      22				
      23 004E				data ends 
      24				 
      25 0000				code segment 
      26				        assume cs:code,ds:data 
      27 0000  B8 ---- R		        start: mov ax,data 
      28 0003  8E D8			               mov ds,ax 
      29				       
      30				               ;Getting offset of array
					s          
      31 0005  BE 0040 R		               mov si,offset n1 
      32 0008  BF 0047 R		               mov di,offset n2 
      33				 
      34				               ;Printing "Enter first n
					umber" 
      35 000B  8D 16 0000 R		               lea dx,msg1 
      36 000F  B4 09			               mov ah,09h 
      37 0011  CD 21			               int 21h 
      38				 
      39				               ;Setting Count to 4 
      40 0013  B1 04			               mov cl,04h 
      41				 
      42				               ;Getting First Number 
      43 0015  B4 01			         first:mov ah,01h 
      44 0017  CD 21			               int 21h 
      45 0019  2C 30			               sub al,30h 
      46 001B  88 04			               mov [si],al 
      47 001D  46			               inc si 
      48 001E  FE C9			               dec cl 
      49 0020  75 F3			               jnz first 
Microsoft (R) Macro Assembler Version 5.00                  6/25/21 00:21:08
                                                             Page     1-2


      50				 
      51				               ;Printing "Enter second 
					number" 
      52 0022  8D 16 0018 R		               lea dx,msg2 
      53 0026  B4 09			               mov ah,09h 
      54 0028  CD 21			               int 21h 
      55				 
      56				               ;Setting count to 4 
      57 002A  B1 04			               mov cl,04h 
      58				 
      59				               ;Getting second Number 
      60 002C  B4 01			        second:mov ah,01h 
      61 002E  CD 21			               int 21h 
      62 0030  2C 30			               sub al,30h 
      63 0032  88 05			               mov [di],al 
      64 0034  47			               inc di 
      65 0035  FE C9			               dec cl 
      66 0037  75 F3			               jnz second 
      67				 
      68				               ;Clearing carry 
      69 0039  F8			               clc 
      70				 
      71				               ;Setting count to 4 
      72 003A  B1 04			               mov cl,04h 
      73				 
      74				               ;Performing Addition 
      75 003C  4F			      addition:dec di 
      76 003D  4E			               dec si 
      77 003E  8A 04			               mov al,[si] 
      78 0040  8A 1D			               mov bl,[di] 
      79				 
      80 0042  12 C3			               adc al,bl 
      81 0044  B4 00			               mov ah,00h 
      82 0046  37			               aaa 
      83				 
      84				               ;Storing result to di ar
					ray 
      85 0047  88 05			               mov [di],al 
      86				 
      87 0049  FE C9			               dec cl 
      88 004B  75 EF			               jnz addition 
      89				 
      90				               ;Printing "Result is" 
      91 004D  8D 16 0031 R		               lea dx,msg3 
      92 0051  B4 09			               mov ah,09h 
      93 0053  CD 21			               int 21h 
      94				 
      95				               ;Printing Result 
      96 0055  B7 00			               mov bh,00h 
      97 0057  B2 30			               mov dl,30h 
      98 0059  12 D7			               adc dl,bh 
      99 005B  80 FA 30			               cmp dl,30h 
     100 005E  74 04			               je skip 
     101				 
Microsoft (R) Macro Assembler Version 5.00                  6/25/21 00:21:08
                                                             Page     1-3


     102				               ;Printing Carry 
     103 0060  B4 02			               mov ah,02h 
     104 0062  CD 21			               int 21h 
     105				 
     106 0064				          skip: 
     107				               ;Setting Count to 4 
     108 0064  B1 04			               mov cl,04h 
     109				 
     110				               ;Printing array content 
     111 0066  8A 15			         print:mov dl,[di] 
     112 0068  80 C2 30			               add dl,30h 
     113				 
     114 006B  B4 02			               mov ah,02h 
     115 006D  CD 21			               int 21h 
     116				 
     117 006F  47			               inc di 
     118 0070  FE C9			               dec cl 
     119 0072  75 F2			               jnz print 
     120				 
     121 0074  B4 4C			               mov ah,4ch 
     122 0076  CD 21			               int 21h 
     123 0078				code ends 
     124				end start 
Microsoft (R) Macro Assembler Version 5.00                  6/25/21 00:21:08
                                                             Symbols-1


Segments and Groups:

                N a m e         	Length	 Align	Combine Class

CODE . . . . . . . . . . . . . .  	0078	PARA	NONE	
DATA . . . . . . . . . . . . . .  	004E	PARA	NONE	

Symbols:            

                N a m e         	Type	 Value	 Attr

ADDITION . . . . . . . . . . . .  	L NEAR	003C	CODE

FIRST  . . . . . . . . . . . . .  	L NEAR	0015	CODE

MSG1 . . . . . . . . . . . . . .  	L BYTE	0000	DATA
MSG2 . . . . . . . . . . . . . .  	L BYTE	0018	DATA
MSG3 . . . . . . . . . . . . . .  	L BYTE	0031	DATA

N1 . . . . . . . . . . . . . . .  	L BYTE	0040	DATA	Length = 0007
N2 . . . . . . . . . . . . . . .  	L BYTE	0047	DATA	Length = 0007

PRINT  . . . . . . . . . . . . .  	L NEAR	0066	CODE

SECOND . . . . . . . . . . . . .  	L NEAR	002C	CODE
SKIP . . . . . . . . . . . . . .  	L NEAR	0064	CODE
START  . . . . . . . . . . . . .  	L NEAR	0000	CODE

@FILENAME  . . . . . . . . . . .  	TEXT  ADD		


    110 Source  Lines
    110 Total   Lines
     15 Symbols

  50618 + 465926 Bytes symbol space free

      0 Warning Errors
      0 Severe  Errors
